[debug] [2022-10-28T03:27:40.483Z] ----------------------------------------------------------------------
[debug] [2022-10-28T03:27:40.495Z] Command:       C:\Program Files\nodejs\node.exe C:\Users\IT Park\AppData\Roaming\npm\node_modules\firebase-tools\lib\bin\firebase.js deploy
[debug] [2022-10-28T03:27:40.498Z] CLI Version:   11.15.0
[debug] [2022-10-28T03:27:40.499Z] Platform:      win32
[debug] [2022-10-28T03:27:40.500Z] Node Version:  v16.17.0
[debug] [2022-10-28T03:27:40.504Z] Time:          Fri Oct 28 2022 09:27:40 GMT+0600 (Bangladesh Standard Time)
[debug] [2022-10-28T03:27:40.506Z] ----------------------------------------------------------------------
[debug] 
[debug] [2022-10-28T03:27:41.023Z] > command requires scopes: ["email","openid","https://www.googleapis.com/auth/cloudplatformprojects.readonly","https://www.googleapis.com/auth/firebase","https://www.googleapis.com/auth/cloud-platform"]
[debug] [2022-10-28T03:27:41.026Z] > authorizing via signed-in user (syedahammad54@gmail.com)
[debug] [2022-10-28T03:27:41.027Z] [iam] checking project code-with-syed-d6c76 for permissions ["firebase.projects.get","firebasehosting.sites.update"]
[debug] [2022-10-28T03:27:41.042Z] >>> [apiv2][query] POST https://cloudresourcemanager.googleapis.com/v1/projects/code-with-syed-d6c76:testIamPermissions [none]
[debug] [2022-10-28T03:27:41.044Z] >>> [apiv2][(partial)header] POST https://cloudresourcemanager.googleapis.com/v1/projects/code-with-syed-d6c76:testIamPermissions x-goog-quota-user=projects/code-with-syed-d6c76
[debug] [2022-10-28T03:27:41.046Z] >>> [apiv2][body] POST https://cloudresourcemanager.googleapis.com/v1/projects/code-with-syed-d6c76:testIamPermissions {"permissions":["firebase.projects.get","firebasehosting.sites.update"]}
[debug] [2022-10-28T03:27:44.693Z] <<< [apiv2][status] POST https://cloudresourcemanager.googleapis.com/v1/projects/code-with-syed-d6c76:testIamPermissions 200
[debug] [2022-10-28T03:27:44.694Z] <<< [apiv2][body] POST https://cloudresourcemanager.googleapis.com/v1/projects/code-with-syed-d6c76:testIamPermissions {"permissions":["firebase.projects.get","firebasehosting.sites.update"]}
[debug] [2022-10-28T03:27:44.701Z] >>> [apiv2][query] GET https://firebase.googleapis.com/v1beta1/projects/code-with-syed-d6c76 [none]
[debug] [2022-10-28T03:27:47.004Z] <<< [apiv2][status] GET https://firebase.googleapis.com/v1beta1/projects/code-with-syed-d6c76 200
[debug] [2022-10-28T03:27:47.006Z] <<< [apiv2][body] GET https://firebase.googleapis.com/v1beta1/projects/code-with-syed-d6c76 {"projectId":"code-with-syed-d6c76","projectNumber":"562882527648","displayName":"code-with-syed","name":"projects/code-with-syed-d6c76","resources":{"hostingSite":"code-with-syed-d6c76"},"state":"ACTIVE","etag":"1_555d4a22-cc64-4d0e-9dec-c2b5785b23bc"}
[info] 
[info] === Deploying to 'code-with-syed-d6c76'...
[info] 
[info] i  deploying hosting 
[debug] [2022-10-28T03:27:47.033Z] >>> [apiv2][query] POST https://firebasehosting.googleapis.com/v1beta1/projects/-/sites/code-with-syed-d6c76/versions [none]
[debug] [2022-10-28T03:27:47.034Z] >>> [apiv2][body] POST https://firebasehosting.googleapis.com/v1beta1/projects/-/sites/code-with-syed-d6c76/versions {"status":"CREATED","labels":{"deployment-tool":"cli-firebase"}}
[debug] [2022-10-28T03:27:52.676Z] <<< [apiv2][status] POST https://firebasehosting.googleapis.com/v1beta1/projects/-/sites/code-with-syed-d6c76/versions 200
[debug] [2022-10-28T03:27:52.678Z] <<< [apiv2][body] POST https://firebasehosting.googleapis.com/v1beta1/projects/-/sites/code-with-syed-d6c76/versions {"name":"projects/562882527648/sites/code-with-syed-d6c76/versions/8d1763efc24a5a34","status":"CREATED","config":{},"labels":{"deployment-tool":"cli-firebase"}}
[info] i  hosting[code-with-syed-d6c76]: beginning deploy... 
[info] i  hosting[code-with-syed-d6c76]: found 14 files in build 
[debug] [2022-10-28T03:27:52.759Z] [hosting] uploading with 200 concurrency
[debug] [2022-10-28T03:27:52.766Z] [hosting] hash cache [YnVpbGQ] not populated
[debug] [2022-10-28T03:27:54.343Z] [hosting] hash cache [YnVpbGQ] stored for 14 files
[debug] [2022-10-28T03:27:54.345Z] [hosting][hash queue][FINAL] {"max":1494,"min":106,"avg":220.21428571428572,"active":0,"complete":14,"success":14,"errored":0,"retried":0,"total":14,"elapsed":1572}
[debug] [2022-10-28T03:27:54.347Z] >>> [apiv2][query] POST https://firebasehosting.googleapis.com/v1beta1/projects/562882527648/sites/code-with-syed-d6c76/versions/8d1763efc24a5a34:populateFiles [none]
[debug] [2022-10-28T03:27:54.348Z] >>> [apiv2][body] POST https://firebasehosting.googleapis.com/v1beta1/projects/562882527648/sites/code-with-syed-d6c76/versions/8d1763efc24a5a34:populateFiles {"files":{"/asset-manifest.json":"abd9deabef47548579bcd956c21f86acf2d8b9758e81434cda6928c6527704ad","/index.html":"056c95af24c4e4ae9702e373716b577099ea7ddabffb1f4327886a99ba0bbe15","/favicon.ico":"67303c76ab80e2e3e8df4385510500a9eb764ca5c559b5100d2fb57a05516a3a","/logo192.png":"3ee59515172ee198f3be375979df15ac5345183e656720a381b8872b2a39dc8b","/logo512.png":"ee7e2f3fdb8209c4b6fd7bef6ba50d1b9dba30a25bb5c3126df057e1cb6f5331","/manifest.json":"aff3449bdc238776f5d6d967f19ec491b36aed5fb7f23ccff6500736fd58494a","/robots.txt":"bfe106a3fb878dc83461c86818bf74fc1bdc7f28538ba613cd3e775516ce8b49","/static/js/787.00a6d43e.chunk.js":"d80cafa82cebbb08023e73cc5d6ad475d32061ecfc7b13d207932afbec3eaf58","/static/css/main.eaca0b6b.css.map":"62d4dc053ba9a572e55e6ea798b061d087ba9a313df5a94fbbd44c4e80e24c68","/static/js/787.00a6d43e.chunk.js.map":"98b7892621f9c12cc7685a47cd517de698c8a6000b848a90bbbcc5c1ab9f5bd0","/static/js/main.ab48dc48.js.LICENSE.txt":"f3d94de3dd868a790f5618fd9dc106f2ab2e45151a76a6b2090f0a9c6820c134","/static/css/main.eaca0b6b.css":"5383c6bfea6d30c5ee56e5f2ef8c7bee5ee957c0cf72e3c0ab90113c9dbce9c5","/static/js/main.ab48dc48.js":"05dea5215851de2bee01678cac93b99642ae7f2f99be1778daf6e96804c3e8b1","/static/js/main.ab48dc48.js.map":"f4c2b0b59a4929f0f8d124f5ab0eb03eab0a402b9a61bb7bcf2f5f32b424fd2d"}}
[debug] [2022-10-28T03:27:56.495Z] <<< [apiv2][status] POST https://firebasehosting.googleapis.com/v1beta1/projects/562882527648/sites/code-with-syed-d6c76/versions/8d1763efc24a5a34:populateFiles 200
[debug] [2022-10-28T03:27:56.496Z] <<< [apiv2][body] POST https://firebasehosting.googleapis.com/v1beta1/projects/562882527648/sites/code-with-syed-d6c76/versions/8d1763efc24a5a34:populateFiles {"uploadRequiredHashes":["62d4dc053ba9a572e55e6ea798b061d087ba9a313df5a94fbbd44c4e80e24c68","056c95af24c4e4ae9702e373716b577099ea7ddabffb1f4327886a99ba0bbe15","d80cafa82cebbb08023e73cc5d6ad475d32061ecfc7b13d207932afbec3eaf58","abd9deabef47548579bcd956c21f86acf2d8b9758e81434cda6928c6527704ad","98b7892621f9c12cc7685a47cd517de698c8a6000b848a90bbbcc5c1ab9f5bd0","f4c2b0b59a4929f0f8d124f5ab0eb03eab0a402b9a61bb7bcf2f5f32b424fd2d","05dea5215851de2bee01678cac93b99642ae7f2f99be1778daf6e96804c3e8b1","5383c6bfea6d30c5ee56e5f2ef8c7bee5ee957c0cf72e3c0ab90113c9dbce9c5","f3d94de3dd868a790f5618fd9dc106f2ab2e45151a76a6b2090f0a9c6820c134"],"uploadUrl":"https://upload-firebasehosting.googleapis.com/upload/sites/code-with-syed-d6c76/versions/8d1763efc24a5a34/files"}
[debug] [2022-10-28T03:27:56.510Z] >>> [apiv2][query] POST https://upload-firebasehosting.googleapis.com/upload/sites/code-with-syed-d6c76/versions/8d1763efc24a5a34/files/62d4dc053ba9a572e55e6ea798b061d087ba9a313df5a94fbbd44c4e80e24c68 [none]
[debug] [2022-10-28T03:27:56.511Z] >>> [apiv2][body] POST https://upload-firebasehosting.googleapis.com/upload/sites/code-with-syed-d6c76/versions/8d1763efc24a5a34/files/62d4dc053ba9a572e55e6ea798b061d087ba9a313df5a94fbbd44c4e80e24c68 [stream]
[debug] [2022-10-28T03:27:56.517Z] >>> [apiv2][query] POST https://upload-firebasehosting.googleapis.com/upload/sites/code-with-syed-d6c76/versions/8d1763efc24a5a34/files/056c95af24c4e4ae9702e373716b577099ea7ddabffb1f4327886a99ba0bbe15 [none]
[debug] [2022-10-28T03:27:56.518Z] >>> [apiv2][body] POST https://upload-firebasehosting.googleapis.com/upload/sites/code-with-syed-d6c76/versions/8d1763efc24a5a34/files/056c95af24c4e4ae9702e373716b577099ea7ddabffb1f4327886a99ba0bbe15 [stream]
[debug] [2022-10-28T03:27:56.523Z] >>> [apiv2][query] POST https://upload-firebasehosting.googleapis.com/upload/sites/code-with-syed-d6c76/versions/8d1763efc24a5a34/files/d80cafa82cebbb08023e73cc5d6ad475d32061ecfc7b13d207932afbec3eaf58 [none]
[debug] [2022-10-28T03:27:56.523Z] >>> [apiv2][body] POST https://upload-firebasehosting.googleapis.com/upload/sites/code-with-syed-d6c76/versions/8d1763efc24a5a34/files/d80cafa82cebbb08023e73cc5d6ad475d32061ecfc7b13d207932afbec3eaf58 [stream]
[debug] [2022-10-28T03:27:56.529Z] >>> [apiv2][query] POST https://upload-firebasehosting.googleapis.com/upload/sites/code-with-syed-d6c76/versions/8d1763efc24a5a34/files/abd9deabef47548579bcd956c21f86acf2d8b9758e81434cda6928c6527704ad [none]
[debug] [2022-10-28T03:27:56.530Z] >>> [apiv2][body] POST https://upload-firebasehosting.googleapis.com/upload/sites/code-with-syed-d6c76/versions/8d1763efc24a5a34/files/abd9deabef47548579bcd956c21f86acf2d8b9758e81434cda6928c6527704ad [stream]
[debug] [2022-10-28T03:27:56.535Z] >>> [apiv2][query] POST https://upload-firebasehosting.googleapis.com/upload/sites/code-with-syed-d6c76/versions/8d1763efc24a5a34/files/98b7892621f9c12cc7685a47cd517de698c8a6000b848a90bbbcc5c1ab9f5bd0 [none]
[debug] [2022-10-28T03:27:56.535Z] >>> [apiv2][body] POST https://upload-firebasehosting.googleapis.com/upload/sites/code-with-syed-d6c76/versions/8d1763efc24a5a34/files/98b7892621f9c12cc7685a47cd517de698c8a6000b848a90bbbcc5c1ab9f5bd0 [stream]
[debug] [2022-10-28T03:27:56.541Z] >>> [apiv2][query] POST https://upload-firebasehosting.googleapis.com/upload/sites/code-with-syed-d6c76/versions/8d1763efc24a5a34/files/f4c2b0b59a4929f0f8d124f5ab0eb03eab0a402b9a61bb7bcf2f5f32b424fd2d [none]
[debug] [2022-10-28T03:27:56.542Z] >>> [apiv2][body] POST https://upload-firebasehosting.googleapis.com/upload/sites/code-with-syed-d6c76/versions/8d1763efc24a5a34/files/f4c2b0b59a4929f0f8d124f5ab0eb03eab0a402b9a61bb7bcf2f5f32b424fd2d [stream]
[debug] [2022-10-28T03:27:56.550Z] >>> [apiv2][query] POST https://upload-firebasehosting.googleapis.com/upload/sites/code-with-syed-d6c76/versions/8d1763efc24a5a34/files/05dea5215851de2bee01678cac93b99642ae7f2f99be1778daf6e96804c3e8b1 [none]
[debug] [2022-10-28T03:27:56.550Z] >>> [apiv2][body] POST https://upload-firebasehosting.googleapis.com/upload/sites/code-with-syed-d6c76/versions/8d1763efc24a5a34/files/05dea5215851de2bee01678cac93b99642ae7f2f99be1778daf6e96804c3e8b1 [stream]
[debug] [2022-10-28T03:27:56.557Z] >>> [apiv2][query] POST https://upload-firebasehosting.googleapis.com/upload/sites/code-with-syed-d6c76/versions/8d1763efc24a5a34/files/5383c6bfea6d30c5ee56e5f2ef8c7bee5ee957c0cf72e3c0ab90113c9dbce9c5 [none]
[debug] [2022-10-28T03:27:56.557Z] >>> [apiv2][body] POST https://upload-firebasehosting.googleapis.com/upload/sites/code-with-syed-d6c76/versions/8d1763efc24a5a34/files/5383c6bfea6d30c5ee56e5f2ef8c7bee5ee957c0cf72e3c0ab90113c9dbce9c5 [stream]
[debug] [2022-10-28T03:27:56.564Z] >>> [apiv2][query] POST https://upload-firebasehosting.googleapis.com/upload/sites/code-with-syed-d6c76/versions/8d1763efc24a5a34/files/f3d94de3dd868a790f5618fd9dc106f2ab2e45151a76a6b2090f0a9c6820c134 [none]
[debug] [2022-10-28T03:27:56.564Z] >>> [apiv2][body] POST https://upload-firebasehosting.googleapis.com/upload/sites/code-with-syed-d6c76/versions/8d1763efc24a5a34/files/f3d94de3dd868a790f5618fd9dc106f2ab2e45151a76a6b2090f0a9c6820c134 [stream]
[debug] [2022-10-28T03:27:56.571Z] [hosting][populate queue][FINAL] {"max":2206,"min":2206,"avg":2206,"active":0,"complete":1,"success":1,"errored":0,"retried":0,"total":1,"elapsed":2268}
[debug] [2022-10-28T03:27:56.571Z] [hosting] uploads queued: 9
[debug] [2022-10-28T03:28:10.840Z] <<< [apiv2][status] POST https://upload-firebasehosting.googleapis.com/upload/sites/code-with-syed-d6c76/versions/8d1763efc24a5a34/files/056c95af24c4e4ae9702e373716b577099ea7ddabffb1f4327886a99ba0bbe15 200
[debug] [2022-10-28T03:28:10.842Z] <<< [apiv2][body] POST https://upload-firebasehosting.googleapis.com/upload/sites/code-with-syed-d6c76/versions/8d1763efc24a5a34/files/056c95af24c4e4ae9702e373716b577099ea7ddabffb1f4327886a99ba0bbe15 [stream]
[debug] [2022-10-28T03:28:11.146Z] <<< [apiv2][status] POST https://upload-firebasehosting.googleapis.com/upload/sites/code-with-syed-d6c76/versions/8d1763efc24a5a34/files/f3d94de3dd868a790f5618fd9dc106f2ab2e45151a76a6b2090f0a9c6820c134 200
[debug] [2022-10-28T03:28:11.146Z] <<< [apiv2][body] POST https://upload-firebasehosting.googleapis.com/upload/sites/code-with-syed-d6c76/versions/8d1763efc24a5a34/files/f3d94de3dd868a790f5618fd9dc106f2ab2e45151a76a6b2090f0a9c6820c134 [stream]
[debug] [2022-10-28T03:28:11.360Z] <<< [apiv2][status] POST https://upload-firebasehosting.googleapis.com/upload/sites/code-with-syed-d6c76/versions/8d1763efc24a5a34/files/05dea5215851de2bee01678cac93b99642ae7f2f99be1778daf6e96804c3e8b1 200
[debug] [2022-10-28T03:28:11.361Z] <<< [apiv2][body] POST https://upload-firebasehosting.googleapis.com/upload/sites/code-with-syed-d6c76/versions/8d1763efc24a5a34/files/05dea5215851de2bee01678cac93b99642ae7f2f99be1778daf6e96804c3e8b1 [stream]
[debug] [2022-10-28T03:28:11.807Z] <<< [apiv2][status] POST https://upload-firebasehosting.googleapis.com/upload/sites/code-with-syed-d6c76/versions/8d1763efc24a5a34/files/d80cafa82cebbb08023e73cc5d6ad475d32061ecfc7b13d207932afbec3eaf58 200
[debug] [2022-10-28T03:28:11.808Z] <<< [apiv2][body] POST https://upload-firebasehosting.googleapis.com/upload/sites/code-with-syed-d6c76/versions/8d1763efc24a5a34/files/d80cafa82cebbb08023e73cc5d6ad475d32061ecfc7b13d207932afbec3eaf58 [stream]
[debug] [2022-10-28T03:28:11.851Z] <<< [apiv2][status] POST https://upload-firebasehosting.googleapis.com/upload/sites/code-with-syed-d6c76/versions/8d1763efc24a5a34/files/abd9deabef47548579bcd956c21f86acf2d8b9758e81434cda6928c6527704ad 200
[debug] [2022-10-28T03:28:11.852Z] <<< [apiv2][body] POST https://upload-firebasehosting.googleapis.com/upload/sites/code-with-syed-d6c76/versions/8d1763efc24a5a34/files/abd9deabef47548579bcd956c21f86acf2d8b9758e81434cda6928c6527704ad [stream]
[debug] [2022-10-28T03:28:12.175Z] <<< [apiv2][status] POST https://upload-firebasehosting.googleapis.com/upload/sites/code-with-syed-d6c76/versions/8d1763efc24a5a34/files/62d4dc053ba9a572e55e6ea798b061d087ba9a313df5a94fbbd44c4e80e24c68 200
[debug] [2022-10-28T03:28:12.175Z] <<< [apiv2][body] POST https://upload-firebasehosting.googleapis.com/upload/sites/code-with-syed-d6c76/versions/8d1763efc24a5a34/files/62d4dc053ba9a572e55e6ea798b061d087ba9a313df5a94fbbd44c4e80e24c68 [stream]
[debug] [2022-10-28T03:28:12.741Z] <<< [apiv2][status] POST https://upload-firebasehosting.googleapis.com/upload/sites/code-with-syed-d6c76/versions/8d1763efc24a5a34/files/98b7892621f9c12cc7685a47cd517de698c8a6000b848a90bbbcc5c1ab9f5bd0 200
[debug] [2022-10-28T03:28:12.742Z] <<< [apiv2][body] POST https://upload-firebasehosting.googleapis.com/upload/sites/code-with-syed-d6c76/versions/8d1763efc24a5a34/files/98b7892621f9c12cc7685a47cd517de698c8a6000b848a90bbbcc5c1ab9f5bd0 [stream]
[debug] [2022-10-28T03:28:12.985Z] <<< [apiv2][status] POST https://upload-firebasehosting.googleapis.com/upload/sites/code-with-syed-d6c76/versions/8d1763efc24a5a34/files/f4c2b0b59a4929f0f8d124f5ab0eb03eab0a402b9a61bb7bcf2f5f32b424fd2d 200
[debug] [2022-10-28T03:28:12.986Z] <<< [apiv2][body] POST https://upload-firebasehosting.googleapis.com/upload/sites/code-with-syed-d6c76/versions/8d1763efc24a5a34/files/f4c2b0b59a4929f0f8d124f5ab0eb03eab0a402b9a61bb7bcf2f5f32b424fd2d [stream]
[debug] [2022-10-28T03:28:13.005Z] <<< [apiv2][status] POST https://upload-firebasehosting.googleapis.com/upload/sites/code-with-syed-d6c76/versions/8d1763efc24a5a34/files/5383c6bfea6d30c5ee56e5f2ef8c7bee5ee957c0cf72e3c0ab90113c9dbce9c5 200
[debug] [2022-10-28T03:28:13.006Z] <<< [apiv2][body] POST https://upload-firebasehosting.googleapis.com/upload/sites/code-with-syed-d6c76/versions/8d1763efc24a5a34/files/5383c6bfea6d30c5ee56e5f2ef8c7bee5ee957c0cf72e3c0ab90113c9dbce9c5 [stream]
[debug] [2022-10-28T03:28:13.008Z] [hosting][upload queue][FINAL] {"max":16501,"min":14343,"avg":15489,"active":0,"complete":9,"success":9,"errored":0,"retried":0,"total":9,"elapsed":16511}
[info] +  hosting[code-with-syed-d6c76]: file upload complete 
[debug] [2022-10-28T03:28:13.016Z] [hosting] deploy completed after 20326ms
[debug] [2022-10-28T03:28:13.042Z] [
  {
    "config": {
      "public": "build",
      "ignore": [
        "firebase.json",
        "**/.*",
        "**/node_modules/**"
      ],
      "rewrites": [
        {
          "source": "**",
          "destination": "/index.html"
        }
      ],
      "site": "code-with-syed-d6c76"
    },
    "version": "projects/562882527648/sites/code-with-syed-d6c76/versions/8d1763efc24a5a34"
  }
]
[info] i  hosting[code-with-syed-d6c76]: finalizing version... 
[debug] [2022-10-28T03:28:13.060Z] >>> [apiv2][query] PATCH https://firebasehosting.googleapis.com/v1beta1/projects/-/sites/code-with-syed-d6c76/versions/8d1763efc24a5a34 updateMask=status%2Cconfig
[debug] [2022-10-28T03:28:13.061Z] >>> [apiv2][body] PATCH https://firebasehosting.googleapis.com/v1beta1/projects/-/sites/code-with-syed-d6c76/versions/8d1763efc24a5a34 {"status":"FINALIZED","config":{"rewrites":[{"glob":"**","path":"/index.html"}]}}
[debug] [2022-10-28T03:28:15.633Z] <<< [apiv2][status] PATCH https://firebasehosting.googleapis.com/v1beta1/projects/-/sites/code-with-syed-d6c76/versions/8d1763efc24a5a34 200
[debug] [2022-10-28T03:28:15.634Z] <<< [apiv2][body] PATCH https://firebasehosting.googleapis.com/v1beta1/projects/-/sites/code-with-syed-d6c76/versions/8d1763efc24a5a34 {"name":"projects/562882527648/sites/code-with-syed-d6c76/versions/8d1763efc24a5a34","status":"FINALIZED","config":{"rewrites":[{"glob":"**","path":"/index.html"}]},"labels":{"deployment-tool":"cli-firebase"},"createTime":"2022-10-28T03:27:50.663529Z","createUser":{"email":"syedahammad54@gmail.com"},"finalizeTime":"2022-10-28T03:28:14.238261Z","finalizeUser":{"email":"syedahammad54@gmail.com"}}
[debug] [2022-10-28T03:28:15.635Z] [hosting] finalized version for code-with-syed-d6c76:[object Object]
[info] +  hosting[code-with-syed-d6c76]: version finalized 
[info] i  hosting[code-with-syed-d6c76]: releasing new version... 
[debug] [2022-10-28T03:28:15.651Z] >>> [apiv2][query] POST https://firebasehosting.googleapis.com/v1beta1/projects/-/sites/code-with-syed-d6c76/channels/live/releases versionName=projects%2F562882527648%2Fsites%2Fcode-with-syed-d6c76%2Fversions%2F8d1763efc24a5a34
[debug] [2022-10-28T03:28:15.652Z] >>> [apiv2][body] POST https://firebasehosting.googleapis.com/v1beta1/projects/-/sites/code-with-syed-d6c76/channels/live/releases {}
[debug] [2022-10-28T03:28:17.725Z] <<< [apiv2][status] POST https://firebasehosting.googleapis.com/v1beta1/projects/-/sites/code-with-syed-d6c76/channels/live/releases 200
[debug] [2022-10-28T03:28:17.726Z] <<< [apiv2][body] POST https://firebasehosting.googleapis.com/v1beta1/projects/-/sites/code-with-syed-d6c76/channels/live/releases {"name":"projects/562882527648/sites/code-with-syed-d6c76/channels/live/releases/1666927695637581","version":{"name":"projects/562882527648/sites/code-with-syed-d6c76/versions/8d1763efc24a5a34","status":"FINALIZED","config":{"rewrites":[{"glob":"**","path":"/index.html"}]},"labels":{"deployment-tool":"cli-firebase"},"createTime":"2022-10-28T03:27:50.663529Z","createUser":{"email":"syedahammad54@gmail.com","imageUrl":"https://lh3.googleusercontent.com/a/ALm5wu1fgUsHsR-zAEp_k-L_ZaX0lxgUTVtw0qFsKpdCHw"},"finalizeTime":"2022-10-28T03:28:14.238261Z","finalizeUser":{"email":"syedahammad54@gmail.com","imageUrl":"https://lh3.googleusercontent.com/a/ALm5wu1fgUsHsR-zAEp_k-L_ZaX0lxgUTVtw0qFsKpdCHw"}},"type":"DEPLOY","releaseTime":"2022-10-28T03:28:15.637581873Z","releaseUser":{"email":"syedahammad54@gmail.com","imageUrl":"https://lh3.googleusercontent.com/a/ALm5wu1fgUsHsR-zAEp_k-L_ZaX0lxgUTVtw0qFsKpdCHw"}}
[debug] [2022-10-28T03:28:17.726Z] [hosting] release: {"name":"projects/562882527648/sites/code-with-syed-d6c76/channels/live/releases/1666927695637581","version":{"name":"projects/562882527648/sites/code-with-syed-d6c76/versions/8d1763efc24a5a34","status":"FINALIZED","config":{"rewrites":[{"glob":"**","path":"/index.html"}]},"labels":{"deployment-tool":"cli-firebase"},"createTime":"2022-10-28T03:27:50.663529Z","createUser":{"email":"syedahammad54@gmail.com","imageUrl":"https://lh3.googleusercontent.com/a/ALm5wu1fgUsHsR-zAEp_k-L_ZaX0lxgUTVtw0qFsKpdCHw"},"finalizeTime":"2022-10-28T03:28:14.238261Z","finalizeUser":{"email":"syedahammad54@gmail.com","imageUrl":"https://lh3.googleusercontent.com/a/ALm5wu1fgUsHsR-zAEp_k-L_ZaX0lxgUTVtw0qFsKpdCHw"}},"type":"DEPLOY","releaseTime":"2022-10-28T03:28:15.637581873Z","releaseUser":{"email":"syedahammad54@gmail.com","imageUrl":"https://lh3.googleusercontent.com/a/ALm5wu1fgUsHsR-zAEp_k-L_ZaX0lxgUTVtw0qFsKpdCHw"}}
[info] +  hosting[code-with-syed-d6c76]: release complete 
[info] 
[info] +  Deploy complete! 
[info] 
[info] Project Console: https://console.firebase.google.com/project/code-with-syed-d6c76/overview
[info] Hosting URL: https://code-with-syed-d6c76.web.app
[debug] [2022-10-28T03:28:38.973Z] Error: Timed out.
    at Timeout._onTimeout (C:\Users\IT Park\AppData\Roaming\npm\node_modules\firebase-tools\lib\utils.js:253:49)
    at listOnTimeout (node:internal/timers:559:17)
    at processTimers (node:internal/timers:502:7)
[error] 
[error] Error: An unexpected error has occurred.
[debug] [2022-10-28T03:42:55.045Z] ----------------------------------------------------------------------
[debug] [2022-10-28T03:42:55.056Z] Command:       C:\Program Files\nodejs\node.exe C:\Users\IT Park\AppData\Roaming\npm\node_modules\firebase-tools\lib\bin\firebase.js deploy
[debug] [2022-10-28T03:42:55.059Z] CLI Version:   11.15.0
[debug] [2022-10-28T03:42:55.061Z] Platform:      win32
[debug] [2022-10-28T03:42:55.062Z] Node Version:  v16.17.0
[debug] [2022-10-28T03:42:55.066Z] Time:          Fri Oct 28 2022 09:42:55 GMT+0600 (Bangladesh Standard Time)
[debug] [2022-10-28T03:42:55.068Z] ----------------------------------------------------------------------
[debug] 
[debug] [2022-10-28T03:42:55.569Z] > command requires scopes: ["email","openid","https://www.googleapis.com/auth/cloudplatformprojects.readonly","https://www.googleapis.com/auth/firebase","https://www.googleapis.com/auth/cloud-platform"]
[debug] [2022-10-28T03:42:55.572Z] > authorizing via signed-in user (syedahammad54@gmail.com)
[debug] [2022-10-28T03:42:55.574Z] [iam] checking project code-with-syed-d6c76 for permissions ["firebase.projects.get","firebasehosting.sites.update"]
[debug] [2022-10-28T03:42:55.584Z] > refreshing access token with scopes: []
[debug] [2022-10-28T03:42:55.596Z] >>> [apiv2][query] POST https://www.googleapis.com/oauth2/v3/token [none]
[debug] [2022-10-28T03:42:55.597Z] >>> [apiv2][body] POST https://www.googleapis.com/oauth2/v3/token [omitted]
[debug] [2022-10-28T03:43:06.948Z] [iam] error while checking permissions, command may fail: FirebaseError: Authentication Error: Your credentials are no longer valid. Please run firebase login --reauth

For CI servers and headless environments, generate a new token with firebase login:ci
[debug] [2022-10-28T03:43:06.953Z] > refreshing access token with scopes: []
[debug] [2022-10-28T03:43:06.958Z] >>> [apiv2][query] POST https://www.googleapis.com/oauth2/v3/token [none]
[debug] [2022-10-28T03:43:06.959Z] >>> [apiv2][body] POST https://www.googleapis.com/oauth2/v3/token [omitted]
[debug] [2022-10-28T03:43:08.274Z] Authentication Error: Your credentials are no longer valid. Please run firebase login --reauth

For CI servers and headless environments, generate a new token with firebase login:ci
[debug] [2022-10-28T03:43:09.680Z] FirebaseError: Authentication Error: Your credentials are no longer valid. Please run firebase login --reauth

For CI servers and headless environments, generate a new token with firebase login:ci
    at invalidCredentialError (C:\Users\IT Park\AppData\Roaming\npm\node_modules\firebase-tools\lib\auth.js:144:12)
    at refreshTokens (C:\Users\IT Park\AppData\Roaming\npm\node_modules\firebase-tools\lib\auth.js:508:15)
    at processTicksAndRejections (node:internal/process/task_queues:96:5)
    at async Client.getAccessToken (C:\Users\IT Park\AppData\Roaming\npm\node_modules\firebase-tools\lib\apiv2.js:149:23)
    at async Client.addAuthHeader (C:\Users\IT Park\AppData\Roaming\npm\node_modules\firebase-tools\lib\apiv2.js:140:21)
    at async Client.request (C:\Users\IT Park\AppData\Roaming\npm\node_modules\firebase-tools\lib\apiv2.js:96:34)
    at async getFirebaseProject (C:\Users\IT Park\AppData\Roaming\npm\node_modules\firebase-tools\lib\management\projects.js:295:21)
    at async getDefaultHostingSite (C:\Users\IT Park\AppData\Roaming\npm\node_modules\firebase-tools\lib\getDefaultHostingSite.js:8:21)
    at async requireHostingSite (C:\Users\IT Park\AppData\Roaming\npm\node_modules\firebase-tools\lib\requireHostingSite.js:9:18)
    at async Object.fn (C:\Users\IT Park\AppData\Roaming\npm\node_modules\firebase-tools\lib\commands\deploy.js:74:9)
    at async C:\Users\IT Park\AppData\Roaming\npm\node_modules\firebase-tools\lib\command.js:214:17
[error] 
[error] Error: Failed to get Firebase project code-with-syed-d6c76. Please make sure the project exists and your account has permission to access it.
